c:\users\sonya\documents\visual studio 2013\projects\nekoengine\nekoengine\debug\vc120.pdb
c:\users\sonya\documents\visual studio 2013\projects\nekoengine\nekoengine\debug\vc120.idb
c:\users\sonya\documents\visual studio 2013\projects\nekoengine\nekoengine\debug\source.obj
c:\users\sonya\documents\visual studio 2013\projects\nekoengine\nekoengine\debug\nekomain.obj
c:\users\sonya\documents\visual studio 2013\projects\nekoengine\nekoengine\debug\nekoscene.obj
c:\users\sonya\documents\visual studio 2013\projects\nekoengine\nekoengine\debug\nekoscript.obj
c:\users\sonya\documents\visual studio 2013\projects\nekoengine\nekoengine\debug\nekoinstance.obj
c:\users\sonya\documents\visual studio 2013\projects\nekoengine\nekoengine\debug\error.obj
c:\users\sonya\documents\visual studio 2013\projects\nekoengine\nekoengine\debug\link_compatibility.obj
c:\users\sonya\documents\visual studio 2013\projects\nekoengine\nekoengine\debug\object_rep.obj
c:\users\sonya\documents\visual studio 2013\projects\nekoengine\nekoengine\debug\overload_rep.obj
c:\users\sonya\documents\visual studio 2013\projects\nekoengine\nekoengine\debug\pcall.obj
c:\users\sonya\documents\visual studio 2013\projects\nekoengine\nekoengine\debug\ref.obj
c:\users\sonya\documents\visual studio 2013\projects\nekoengine\nekoengine\debug\scope.obj
c:\users\sonya\documents\visual studio 2013\projects\nekoengine\nekoengine\debug\weak_ref.obj
c:\users\sonya\documents\visual studio 2013\projects\nekoengine\nekoengine\debug\wrapper_base.obj
c:\users\sonya\documents\visual studio 2013\projects\nekoengine\debug\nekoengine.ilk
c:\users\sonya\documents\visual studio 2013\projects\nekoengine\debug\nekoengine.exe
c:\users\sonya\documents\visual studio 2013\projects\nekoengine\debug\nekoengine.pdb
c:\users\sonya\documents\visual studio 2013\projects\nekoengine\debug\nekoengine.lib
c:\users\sonya\documents\visual studio 2013\projects\nekoengine\debug\nekoengine.exp
c:\users\sonya\documents\visual studio 2013\projects\nekoengine\nekoengine\debug\nekoengine.tlog\cl.command.1.tlog
c:\users\sonya\documents\visual studio 2013\projects\nekoengine\nekoengine\debug\nekoengine.tlog\cl.read.1.tlog
c:\users\sonya\documents\visual studio 2013\projects\nekoengine\nekoengine\debug\nekoengine.tlog\cl.write.1.tlog
c:\users\sonya\documents\visual studio 2013\projects\nekoengine\nekoengine\debug\nekoengine.tlog\link.command.1.tlog
c:\users\sonya\documents\visual studio 2013\projects\nekoengine\nekoengine\debug\nekoengine.tlog\link.read.1.tlog
c:\users\sonya\documents\visual studio 2013\projects\nekoengine\nekoengine\debug\nekoengine.tlog\link.write.1.tlog
c:\users\sonya\documents\visual studio 2013\projects\nekoengine\nekoengine\debug\nekoengine.tlog\nekoengine.write.1u.tlog
